TERM environment variable not set.
/home/1771/.bashrc: line 42: cd: ../../work/ccei_biomass/users/wangyf: No such file or directory
Adding package `anaconda/5.2.0:python3` to your environment
-- Open MPI job setup complete (on r00n28):
--  mpi job startup      = /work/ccei_biomass/users/wangyf/py3/bin/mpirun
--  nhosts               = 1
--  nproc                = 1
--  nproc-per-node       = 1
--  cpus-per-proc        = 1

-- Open MPI environment flags:
--  OMPI_MCA_btl_base_exclude=tcp
--  OMPI_MCA_rmaps_base_display_map=true
--  OMPI_MCA_orte_hetero_nodes=true
--  OMPI_MCA_hwloc_base_binding_policy=core
--  OMPI_MCA_rmaps_base_mapping_policy=core

    |   Population Average    |             Best Individual              |
---- ------------------------- ------------------------------------------ ----------
 Gen   Length          Fitness   Length          Fitness      OOB Fitness  Time Left
   0    19.61          2157.88       10         0.397065         0.551445      4.51m
   1     5.72            2.125        7          0.37966         0.485384      3.45m
   2     3.57            1.991        7         0.373704          0.52481      3.15m
   3     4.32          1.66706        7          0.37363         0.525275      3.37m
   4     5.54          2.48678        7         0.367854          0.56029      3.36m
   5     5.93          5.38229        7          0.34367         0.479276      3.33m
   6     6.53          12.1923        7         0.332403         0.545264      3.15m
   7     7.07          6.83295       13         0.323459         0.360611      3.11m
   8     7.07           4.2707        7         0.322371         0.596328      3.21m
   9     7.13          6.95723        7         0.306734          0.66552      3.12m
  10     7.09          5.62686        7         0.315034         0.630168      2.98m
  11     7.10          4.90606        9         0.300232         0.370195      3.01m
  12     7.14          4.14309        7         0.298939         0.612204      3.01m
  13     7.16          6.25069        7         0.285468         0.443947      3.23m
  14     7.11          6.01706        7         0.279974         0.473985      3.80m
  15     7.13           7.2316        7         0.275611         0.496157      3.35m
  16     7.18          6.07499        7         0.271513         0.515823      3.14m
  17     7.09          6.57315        7         0.265186         0.544252      3.14m
  18     7.18          5.52968        7         0.271589         0.515468      3.40m
  19     7.15          7.88179        7         0.275608         0.496173      3.34m
  20     7.09          7.40925        7          0.26974         0.524012      3.63m
  21     7.09          7.16342        7         0.265633         0.438199      3.37m
  22     7.06          5.92867        7         0.271556         0.515621      2.93m
  23     7.05          5.36025        7         0.262301         0.455664      2.90m
  24     7.06          6.66309        7         0.261255          0.46097      2.83m
  25     7.06          5.01627        7         0.258324         0.475404      2.86m
  26     7.10          6.12422        7          0.25677         0.482815      2.90m
  27     7.12          6.40531        7         0.258375         0.475158      2.73m
  28     7.14           5.7794        7         0.254976         0.491182      2.77m
  29     7.05          6.09474        7         0.258111         0.476425      2.71m
  30     7.13          6.61737        7         0.250323         0.511982      2.66m
  31     7.08          8.07188        7         0.259739         0.468507      2.63m
  32     7.14          9.03333        7         0.252775         0.501177      2.59m
  33     7.14          7.68853        7         0.259088         0.471698      2.52m
  34     7.10          5.62298        7          0.25896          0.47232      2.51m
  35     7.09          6.03908        7         0.259622         0.469086      2.41m
  36     7.08          5.42329        7         0.251292         0.507753      2.42m
  37     7.08          6.30411        7         0.257396          0.47985      2.34m
  38     7.07          6.35005        7         0.261253          0.46098      2.34m
  39     7.13          8.20958        7         0.259282          0.47075      2.27m
  40     7.13          5.71807        7         0.256486         0.484155      2.31m
  41     7.13          7.45676        7         0.259402         0.470166      2.26m
  42     7.16          5.40464        7         0.258842         0.472894      2.18m
  43     7.17          6.57729        7         0.256958          0.48193      2.28m
  44     7.14          6.50477        7         0.261344         0.460522      2.10m
  45     7.07          6.26811        7         0.260608         0.464209      2.17m
  46     7.12          7.07631        7         0.259365         0.470346      2.45m
  47     7.14          5.69304        7         0.249612         0.515053      2.41m
  48     7.14          6.70555        7         0.253768         0.496701      2.24m
  49     7.10          5.87658        7         0.256315         0.484955      1.97m
  50     7.06          7.10609        7         0.259143         0.471428      1.89m
  51     7.06            7.153        7         0.255494         0.488786      1.89m
  52     7.09          6.21908        7         0.260262         0.465927      1.81m
  53     7.13          7.25507        7         0.248447          0.52003      1.82m
  54     7.12           8.0879        7         0.260463         0.464929      1.74m
  55     7.08          8.11368        7         0.257076         0.481369      1.75m
  56     7.13          6.31054        7         0.256299          0.48503      1.71m
  57     7.08          5.53317        7         0.256032          0.48628      1.63m
  58     7.13          11.2999        7         0.253859         0.496288      1.60m
  59     7.04           5.7759        7         0.257498         0.479364      1.65m
  60     7.16          7.39638        7         0.259599         0.469199      1.53m
  61     7.06          7.79366        7         0.253689         0.497058      1.52m
  62     7.12          7.49258        7         0.257573         0.479005      1.44m
  63     7.16          6.07438        7         0.256943         0.481996      1.45m
  64     7.16          5.47202        7         0.258177         0.476111      1.37m
  65     7.14          6.72243        7            0.258         0.476959      1.37m
  66     7.05          7.28202        7         0.254311         0.494231      1.29m
  67     7.02          5.76827        7         0.257021         0.481631      1.30m
  68     7.05          6.15834        7         0.250959         0.509211      1.46m
  69     7.18          5.82308        7          0.26009         0.466776      1.39m
  70     7.19          7.07806        7         0.252319         0.503209      1.20m
  71     7.08          6.00219        7         0.254105          0.49517      1.13m
  72     7.05          7.11206        7          0.25495         0.491299      1.25m
  73     7.08          6.19451        7         0.254096         0.495213      1.23m
  74     7.12          6.26463        7         0.254383         0.493902      1.17m
  75     7.07          6.61569        7         0.252042         0.504443     59.44s
  76     7.07          5.85204        7         0.249916         0.513745     56.43s
  77     7.18          6.40129        7         0.259235         0.470981     52.56s
  78     7.05          7.65054        7         0.258656         0.473799     49.83s
  79     7.14           5.8288        7         0.254553         0.493127     49.45s
  80     7.14          6.74563        7         0.256419         0.484467     45.59s
  81     7.05          5.38118        7         0.253384         0.498439     44.40s
  82     7.06          6.20135        7         0.255525         0.488642     40.68s
  83     7.06          6.31559        7            0.259         0.472126     39.56s
  84     7.06          9.29121        7         0.256728         0.483014     35.63s
  85     7.03          5.22428        7         0.258039         0.476772     33.30s
  86     7.12          6.69209        7         0.257885         0.477512     32.09s
  87     7.13          6.25075        7         0.256159          0.48569     28.74s
  88     7.11          5.77307        7         0.256602         0.483608     27.16s
  89     7.14          6.86012        7         0.255486         0.488825     24.05s
  90     7.15          7.49082        7         0.254678         0.492553     21.67s
  91     7.05          5.43031        7         0.259581         0.469285     19.86s
  92     7.13          5.69683        7          0.25599         0.486479     17.49s
  93     7.04          6.25612        7         0.255524         0.488648     16.21s
  94     7.16          8.40443        7         0.258172         0.476135     14.33s
  95     7.07          6.82398        7         0.257542         0.479155     10.97s
  96     7.12          6.77427        7         0.255708         0.487793      7.52s
  97     7.12          5.71878        7         0.259621         0.469089      5.09s
  98     7.07          6.46071        7         0.255823         0.487255      2.91s
  99     7.09          5.09219        7         0.251668         0.506096      0.00s
div(mul(X1, X1), div(X0, 0.578))
Model gp_Ea: 
 mae: 0.21289623571744318 
 rmse: 0.26465289757758054 
 r2: 0.9322111934237028 
 pearsonr: (0.9725541872170275, 3.1207914172708873e-63) 

