TERM environment variable not set.
/home/1771/.bashrc: line 42: cd: ../../work/ccei_biomass/users/wangyf: No such file or directory
Adding package `anaconda/5.2.0:python3` to your environment
-- Open MPI job setup complete (on r00n42):
--  mpi job startup      = /work/ccei_biomass/users/wangyf/py3/bin/mpirun
--  nhosts               = 1
--  nproc                = 1
--  nproc-per-node       = 1
--  cpus-per-proc        = 1

-- Open MPI environment flags:
--  OMPI_MCA_btl_base_exclude=tcp
--  OMPI_MCA_rmaps_base_display_map=true
--  OMPI_MCA_orte_hetero_nodes=true
--  OMPI_MCA_hwloc_base_binding_policy=core
--  OMPI_MCA_rmaps_base_mapping_policy=core

    |   Population Average    |             Best Individual              |
---- ------------------------- ------------------------------------------ ----------
 Gen   Length          Fitness   Length          Fitness      OOB Fitness  Time Left
   0    19.61          2157.88       10         0.397065         0.551445      1.51m
   1     5.72            2.125        7          0.37966         0.485384      1.07m
   2     3.57            1.991        7         0.373704          0.52481     53.40s
   3     4.32          1.66706        7          0.37363         0.525275     51.81s
   4     5.54          2.48678        7         0.367854          0.56029     52.28s
   5     5.93          5.38229        7          0.34367         0.479276     50.29s
   6     6.53          12.1923        7         0.332403         0.545264     47.88s
   7     7.07          6.83295       13         0.323459         0.360611     44.74s
   8     7.07           4.2707        7         0.322371         0.596328     42.66s
   9     7.13          6.95723        7         0.306734          0.66552     40.25s
  10     7.09          5.62686        7         0.315034         0.630168     37.65s
  11     7.10          4.90606        9         0.300232         0.370195     35.96s
  12     7.14          4.14309        7         0.298939         0.612204     34.49s
  13     7.16          6.25069        7         0.285468         0.443947     33.25s
  14     7.11          6.01706        7         0.279974         0.473985     32.72s
  15     7.13           7.2316        7         0.275611         0.496157     31.05s
  16     7.18          6.07499        7         0.271513         0.515823     28.84s
  17     7.09          6.57315        7         0.265186         0.544252     26.68s
  18     7.18          5.52968        7         0.271589         0.515468     27.78s
  19     7.15          7.88179        7         0.275608         0.496173     25.57s
  20     7.09          7.40925        7          0.26974         0.524012     22.33s
  21     7.09          7.16342        7         0.265633         0.438199     17.77s
  22     7.06          5.92867        7         0.271556         0.515621     15.62s
  23     7.05          5.36025        7         0.262301         0.455664     13.40s
  24     7.06          6.66309        7         0.261255          0.46097     11.16s
  25     7.06          5.01627        7         0.258324         0.475404      9.30s
  26     7.10          6.12422        7          0.25677         0.482815      7.44s
  27     7.12          6.40531        7         0.258375         0.475158      5.30s
  28     7.14           5.7794        7         0.254976         0.491182      2.62s
  29     7.05          6.09474        7         0.258111         0.476425      0.00s
div(mul(X1, X1), div(X0, 0.578))
Model gp_Ea: 
 mae: 0.21289623571744318 
 rmse: 0.26465289757758054 
 r2: 0.9322111934237028 
 pearsonr: (0.9725541872170275, 3.1207914172708873e-63) 

