TERM environment variable not set.
/home/1771/.bashrc: line 42: cd: ../../work/ccei_biomass/users/wangyf: No such file or directory
Adding package `anaconda/5.2.0:python3` to your environment
-- Open MPI job setup complete (on r01n32):
--  mpi job startup      = /work/ccei_biomass/users/wangyf/py3/bin/mpirun
--  nhosts               = 1
--  nproc                = 1
--  nproc-per-node       = 1
--  cpus-per-proc        = 1

-- Open MPI environment flags:
--  OMPI_MCA_btl_base_exclude=tcp
--  OMPI_MCA_rmaps_base_display_map=true
--  OMPI_MCA_orte_hetero_nodes=true
--  OMPI_MCA_hwloc_base_binding_policy=core
--  OMPI_MCA_rmaps_base_mapping_policy=core

    |   Population Average    |             Best Individual              |
---- ------------------------- ------------------------------------------ ----------
 Gen   Length          Fitness   Length          Fitness      OOB Fitness  Time Left
   0    19.82          125.554        7         0.402046         0.283359      1.34m
   1     5.89          1.98267        7         0.364719          0.31205     59.48s
   2     3.56          1.66256       14          0.30165         0.400834     51.56s
   3     4.01          5.73104       10         0.332971         0.290415     50.64s
   4     5.71          5.19976        7         0.325513         0.580982     52.91s
   5     6.89          6.24682       13         0.288844         0.285453     49.16s
   6     7.15          4.25301        7          0.31347         0.637055     45.96s
   7     7.13          4.20308       12         0.293694         0.272312     44.46s
   8     7.13          4.99077        7         0.304147         0.416306     42.72s
   9     7.11          6.67438        7         0.295989         0.465576     42.20s
  10     7.12          6.84438        7         0.287815         0.509029     40.37s
  11     7.15          7.39345        7         0.288641         0.504865     40.05s
  12     7.06          6.04124        7           0.2853         0.521443     37.62s
  13     7.16          6.07657        7         0.284885         0.523453     35.17s
  14     7.13          6.69715        7          0.27822         0.554357     33.54s
  15     7.14          14.4249        7          0.28933         0.501352     32.90s
  16     7.04          8.82077        7         0.277613         0.557051     28.91s
  17     7.11          5.85597        7         0.276847         0.560425     27.03s
  18     7.07          7.99048        7         0.283399         0.530563     24.67s
  19     7.14          6.48673        7         0.280735         0.362587     23.13s
  20     7.09          8.09843        7         0.268586          0.43669     23.88s
  21     7.04          7.74927       13         0.233141         0.412435     21.40s
  22     7.12          6.22712        7         0.258714         0.486718     17.73s
  23     7.01          5.89843        7         0.263673         0.462499     14.56s
  24     7.13          6.85853        7         0.261416         0.473735     11.31s
  25     7.03          8.98676        7          0.26562         0.452503      8.86s
  26     7.13          6.45177        7         0.260612         0.477649      7.62s
  27     7.03          5.97332        7         0.261258         0.474506      5.26s
  28     7.20          7.24704        7         0.263184         0.464962      2.40s
  29     7.05          7.13103        7         0.260253         0.479383      0.00s
div(mul(X1, X1), div(X0, 0.565))
Model gp_Ea: 
 mae: 0.21019389367630464 
 rmse: 0.2621723053828605 
 r2: 0.9315689251047075 
 pearsonr: (0.9725541872170275, 3.1207914172708873e-63) 

