TERM environment variable not set.
/home/1771/.bashrc: line 42: cd: ../../work/ccei_biomass/users/wangyf: No such file or directory
Adding package `anaconda/5.2.0:python3` to your environment
-- Open MPI job setup complete (on r00n28):
--  mpi job startup      = /work/ccei_biomass/users/wangyf/py3/bin/mpirun
--  nhosts               = 1
--  nproc                = 1
--  nproc-per-node       = 1
--  cpus-per-proc        = 1

-- Open MPI environment flags:
--  OMPI_MCA_btl_base_exclude=tcp
--  OMPI_MCA_rmaps_base_display_map=true
--  OMPI_MCA_orte_hetero_nodes=true
--  OMPI_MCA_hwloc_base_binding_policy=core
--  OMPI_MCA_rmaps_base_mapping_policy=core

    |   Population Average    |             Best Individual              |
---- ------------------------- ------------------------------------------ ----------
 Gen   Length          Fitness   Length          Fitness      OOB Fitness  Time Left
   0    19.68          197.263       86         0.343395         0.375903      1.30m
   1     5.75          2.23153        7         0.346215         0.462739     58.40s
   2     3.78          2.13501       11          0.34094         0.489835     51.59s
   3     4.91          2.99323        7         0.322972         0.593438     51.75s
   4     6.44          7.77756       11          0.28515         0.325549     51.23s
   5     7.08          6.01027        7         0.317675         0.618291     47.95s
   6     7.10          4.69852        7         0.299158         0.695453     49.75s
   7     7.13          4.74844       10         0.306846          0.36391     48.53s
   8     7.01          4.74739        7         0.302271         0.275329     43.23s
   9     7.13          6.59901        7         0.287314          0.39252     39.90s
  10     7.19          4.13176        9         0.274947         0.407256     43.57s
  11     7.19           6.8908        7         0.263554         0.519839     41.17s
  12     7.11          9.77944        7         0.268086         0.498847     36.88s
  13     7.12          5.02508        7         0.265238         0.512182     38.51s
  14     7.11           11.448        7         0.263671         0.519313     33.39s
  15     7.06          7.52212        7         0.265534         0.510817     30.94s
  16     7.11          5.63758        7         0.265771         0.509724     28.71s
  17     7.21          7.94815        7         0.264298         0.516477     26.97s
  18     7.04          6.34175        7          0.26016         0.534798     24.15s
  19     7.18          5.53333        7           0.2624         0.524995     22.49s
  20     7.05          6.76288        7         0.269037         0.494284     20.08s
  21     6.98          5.96794        7         0.265075         0.512929     17.54s
  22     7.12          8.24382        7          0.25901         0.539727     15.74s
  23     7.13          7.44295        7         0.263626         0.519516     13.53s
  24     7.06          6.08683        7         0.266433         0.506645     11.04s
  25     7.12          5.14682       10         0.255667         0.386897      9.17s
  26     7.17          6.22041        7         0.266469         0.506478      6.97s
  27     7.13          5.82371        7         0.264131         0.517233      4.45s
  28     7.07          6.77334        7         0.261012         0.462869      2.28s
  29     7.10           4.7605        7         0.256626         0.484147      0.00s
div(mul(X1, X1), div(X0, 0.575))
Model gp_Ea: 
 mae: 0.21218466879206818 
 rmse: 0.26355601910267407 
 r2: 0.9322670214720982 
 pearsonr: (0.9725541872170276, 3.120791417270286e-63) 

