TERM environment variable not set.
/home/1771/.bashrc: line 42: cd: ../../work/ccei_biomass/users/wangyf: No such file or directory
Adding package `anaconda/5.2.0:python3` to your environment
-- Open MPI job setup complete (on r01n44):
--  mpi job startup      = /work/ccei_biomass/users/wangyf/py3/bin/mpirun
--  nhosts               = 1
--  nproc                = 1
--  nproc-per-node       = 1
--  cpus-per-proc        = 1

-- Open MPI environment flags:
--  OMPI_MCA_btl_base_exclude=tcp
--  OMPI_MCA_rmaps_base_display_map=true
--  OMPI_MCA_orte_hetero_nodes=true
--  OMPI_MCA_hwloc_base_binding_policy=core
--  OMPI_MCA_rmaps_base_mapping_policy=core

    |   Population Average    |             Best Individual              |
---- ------------------------- ------------------------------------------ ----------
 Gen   Length          Fitness   Length          Fitness      OOB Fitness  Time Left
   0    19.95          7314.33       56         0.452898         0.553163      1.30m
   1     5.82          2.45793       10         0.395504         0.366602     58.28s
   2     4.04          2.65994        8         0.301837         0.302493     51.14s
   3     4.75          2.16019        8         0.274928         0.478794     49.43s
   4     5.45          2.05412        8         0.238668         0.504196     49.51s
   5     7.12          1.93815        8          0.25211          0.44234     50.25s
   6     8.10          2.71482        9         0.244468         0.362851     48.33s
   7     7.81          2.00033        8         0.241938         0.490168     45.03s
   8     7.52          2.79122        8         0.240818         0.495039     43.65s
   9     7.21          9.18533        8         0.252319         0.441282     41.99s
  10     7.17          14.1444        7         0.250586         0.520486     39.14s
  11     7.08           12.784        8         0.256051         0.421774     39.54s
  12     7.19          3.22153        7         0.262981         0.463046     35.67s
  13     7.19          3.11431        7         0.263618         0.459817     33.27s
  14     7.13          2.59975        7         0.260539         0.475136     32.76s
  15     7.17          3.24755        7         0.259222         0.481489     29.83s
  16     7.07          2.30478        7         0.262778         0.464067     26.83s
  17     7.10          2.66601        7         0.261392         0.470963     25.11s
  18     7.08          3.33434        7         0.261076         0.472515     23.13s
  19     7.15          2.82444        7         0.256782         0.492953     20.66s
  20     7.06          76.1619        7         0.260172         0.476919     18.85s
  21     7.11          8.81396        7         0.261984         0.468032     16.91s
  22     7.09           2.3969       15         0.252775         0.342483     14.49s
  23     7.08          2.95046        7         0.258227         0.486212     12.68s
  24     7.06          2.67559        7         0.255777         0.497572     11.40s
  25     7.08            12.45        7         0.260374         0.475941      9.88s
  26     7.10          2.69443        7         0.262087         0.467519      7.54s
  27     7.11          3.06475        7         0.259764         0.478887      4.81s
  28     7.08          3.03635        7         0.263378         0.461037      2.20s
  29     7.10          2.53448        7         0.257164         0.491184      0.00s
mul(mul(0.566, X1), div(X1, X0))
Model gp_Ea: 
 mae: 0.21048755519464865 
 rmse: 0.26221909326969967 
 r2: 0.9317510428101994 
 pearsonr: (0.9725541872170276, 3.120791417270286e-63) 

