TERM environment variable not set.
/home/1771/.bashrc: line 42: cd: ../../work/ccei_biomass/users/wangyf: No such file or directory
Adding package `anaconda/5.2.0:python3` to your environment
-- Open MPI job setup complete (on r00n36):
--  mpi job startup      = /work/ccei_biomass/users/wangyf/py3/bin/mpirun
--  nhosts               = 1
--  nproc                = 1
--  nproc-per-node       = 1
--  cpus-per-proc        = 1

-- Open MPI environment flags:
--  OMPI_MCA_btl_base_exclude=tcp
--  OMPI_MCA_rmaps_base_display_map=true
--  OMPI_MCA_orte_hetero_nodes=true
--  OMPI_MCA_hwloc_base_binding_policy=core
--  OMPI_MCA_rmaps_base_mapping_policy=core

    |   Population Average    |             Best Individual              |
---- ------------------------- ------------------------------------------ ----------
 Gen   Length          Fitness   Length          Fitness      OOB Fitness  Time Left
   0    19.74          112.283       11         0.339612         0.259542      1.29m
   1     6.03          4.18496       12         0.292257         0.389609     59.00s
   2     4.01          2.52412       10         0.264445         0.237919     55.61s
   3     6.18          3.97567       10          0.25752         0.297798     59.55s
   4     8.04          6.24161       10         0.248742         0.357948      1.15m
   5     8.49          12.5386       10          0.25042         0.347404     55.68s
   6     7.61           12.399        8         0.249636         0.454624     51.43s
   7     7.15          14.9962        7         0.260994         0.467113     49.11s
   8     6.99          10.4795        7         0.262474         0.459694     46.90s
   9     7.11          12.4501        7          0.25461         0.497399     44.59s
  10     7.07          13.1891        7         0.261542         0.464383     41.63s
  11     7.00          11.6857        7         0.258243          0.48049     39.95s
  12     6.96          10.0412        7         0.256331         0.489494     37.78s
  13     7.05          11.4676        7         0.262653         0.458788     35.39s
  14     7.08          10.9471        7         0.258502         0.479253     33.62s
  15     7.10          12.7591        7         0.260408         0.470004     31.98s
  16     7.04          12.6758        7         0.257925         0.482005     29.17s
  17     7.03          10.6473        7          0.25793         0.481982     27.15s
  18     6.99          11.4093        7         0.261296         0.465614     24.60s
  19     7.02          14.5484       15         0.259334         0.407762     22.19s
  20     7.05          9.92657        7         0.259999         0.472012     20.20s
  21     6.97          11.2032        7         0.256523         0.488601     18.03s
  22     6.99          12.0695        7         0.259769         0.473136     16.27s
  23     7.11          14.2384        7         0.259545         0.474225     13.62s
  24     7.10           10.639        7         0.256875         0.486957     11.16s
  25     6.97           11.267        7          0.25613         0.490425      9.05s
  26     7.13          26.5438        7         0.256953         0.486591      6.87s
  27     7.01          12.8736        7         0.258618         0.478697      4.47s
  28     7.05          10.2432        7         0.256113         0.490505      2.30s
  29     6.98          11.5199        7         0.256017         0.490951      0.00s
mul(X1, div(X1, div(X0, 0.570)))
Model gp_Ea: 
 mae: 0.2112341075579783 
 rmse: 0.26258370850456436 
 r2: 0.932090708637235 
 pearsonr: (0.9725541872170276, 3.120791417270286e-63) 

